[debug] [2022-01-19T18:58:55.944Z] ----------------------------------------------------------------------
[debug] [2022-01-19T18:58:55.946Z] Command:       /usr/local/bin/node /usr/local/bin/firebase init
[debug] [2022-01-19T18:58:55.946Z] CLI Version:   4.2.1
[debug] [2022-01-19T18:58:55.946Z] Platform:      darwin
[debug] [2022-01-19T18:58:55.946Z] Node Version:  v8.11.4
[debug] [2022-01-19T18:58:55.947Z] Time:          Wed Jan 19 2022 19:58:55 GMT+0100 (CET)
[debug] [2022-01-19T18:58:55.947Z] ----------------------------------------------------------------------
[debug] 
[debug] [2022-01-19T18:58:55.957Z] > command requires scopes: ["email","openid","https://www.googleapis.com/auth/cloudplatformprojects.readonly","https://www.googleapis.com/auth/firebase"]
[debug] [2022-01-19T18:58:55.957Z] > authorizing via signed-in user
[info] 
     🔥🔥🔥🔥🔥🔥🔥🔥 🔥🔥🔥🔥 🔥🔥🔥🔥🔥🔥🔥🔥  🔥🔥🔥🔥🔥🔥🔥🔥 🔥🔥🔥🔥🔥🔥🔥🔥     🔥🔥🔥     🔥🔥🔥🔥🔥🔥  🔥🔥🔥🔥🔥🔥🔥🔥
     🔥🔥        🔥🔥  🔥🔥     🔥🔥 🔥🔥       🔥🔥     🔥🔥  🔥🔥   🔥🔥  🔥🔥       🔥🔥
     🔥🔥🔥🔥🔥🔥    🔥🔥  🔥🔥🔥🔥🔥🔥🔥🔥  🔥🔥🔥🔥🔥🔥   🔥🔥🔥🔥🔥🔥🔥🔥  🔥🔥🔥🔥🔥🔥🔥🔥🔥  🔥🔥🔥🔥🔥🔥  🔥🔥🔥🔥🔥🔥
     🔥🔥        🔥🔥  🔥🔥    🔥🔥  🔥🔥       🔥🔥     🔥🔥 🔥🔥     🔥🔥       🔥🔥 🔥🔥
     🔥🔥       🔥🔥🔥🔥 🔥🔥     🔥🔥 🔥🔥🔥🔥🔥🔥🔥🔥 🔥🔥🔥🔥🔥🔥🔥🔥  🔥🔥     🔥🔥  🔥🔥🔥🔥🔥🔥  🔥🔥🔥🔥🔥🔥🔥🔥

You're about to initialize a Firebase project in this directory:

  /Users/pranoyprabhakar/Project/HUGO_PROJECT

Before we get started, keep in mind:

  * You are initializing in an existing Firebase project directory

[info] 
=== Project Setup
[info] 
[info] First, let's associate this project directory with a Firebase project.
[info] You can create multiple project aliases by running firebase use --add, 
[info] but for now we'll just set up a default project.
[info] 
[debug] [2022-01-19T18:59:00.371Z] >>> HTTP REQUEST GET https://admin.firebase.com/v1/projects  
 
[debug] [2022-01-19T18:59:00.721Z] Error: connect ECONNREFUSED 104.197.85.31:443
    at Object._errnoException (util.js:992:11)
    at _exceptionWithHostPort (util.js:1014:20)
    at TCPConnectWrap.afterConnect [as oncomplete] (net.js:1186:14)
[error] 
[error] Error: Server Error. connect ECONNREFUSED 104.197.85.31:443
